app/build/intermediates/manifest_merge_blame_file/debug/processDebugMainManifest/manifest-merger-blame-debug-report.txt
1<?xml version="1.0" encoding="utf-8"?>
2<manifest xmlns:android="http://schemas.android.com/apk/res/android"
3    package="com.taptrack.app"
4    android:versionCode="1"
5    android:versionName="1.0" >
6
7    <uses-sdk
8        android:minSdkVersion="26"
9        android:targetSdkVersion="34" />
10
11    <uses-permission android:name="android.permission.INTERNET" />
11-->src\main\AndroidManifest.xml:4:5-67
11-->src\main\AndroidManifest.xml:4:22-64
12    <uses-permission android:name="android.permission.ACCESS_NETWORK_STATE" />
12-->src\main\AndroidManifest.xml:5:5-79
12-->src\main\AndroidManifest.xml:5:22-76
13    <uses-permission android:name="android.permission.CAMERA" />
13-->src\main\AndroidManifest.xml:6:5-65
13-->src\main\AndroidManifest.xml:6:22-62
14    <uses-permission android:name="android.permission.ACCESS_FINE_LOCATION" />
14-->src\main\AndroidManifest.xml:7:5-79
14-->src\main\AndroidManifest.xml:7:22-76
15    <uses-permission android:name="android.permission.ACCESS_COARSE_LOCATION" />
15-->src\main\AndroidManifest.xml:8:5-81
15-->src\main\AndroidManifest.xml:8:22-78
16    <uses-permission
16-->src\main\AndroidManifest.xml:9:5-10:38
17        android:name="android.permission.WRITE_EXTERNAL_STORAGE"
17-->src\main\AndroidManifest.xml:9:22-78
18        android:maxSdkVersion="28" />
18-->src\main\AndroidManifest.xml:10:9-35
19    <uses-permission
19-->src\main\AndroidManifest.xml:11:5-12:38
20        android:name="android.permission.READ_EXTERNAL_STORAGE"
20-->src\main\AndroidManifest.xml:11:22-77
21        android:maxSdkVersion="32" />
21-->src\main\AndroidManifest.xml:12:9-35
22
23    <uses-feature
23-->src\main\AndroidManifest.xml:14:5-85
24        android:name="android.hardware.camera"
24-->src\main\AndroidManifest.xml:14:19-57
25        android:required="false" />
25-->src\main\AndroidManifest.xml:14:58-82
26    <uses-feature
26-->src\main\AndroidManifest.xml:15:5-91
27        android:name="android.hardware.location.gps"
27-->src\main\AndroidManifest.xml:15:19-63
28        android:required="false" />
28-->src\main\AndroidManifest.xml:15:64-88
29
30    <permission
30-->[androidx.core:core:1.13.1] AndroidManifest.xml:22:5-24:47
31        android:name="com.taptrack.app.DYNAMIC_RECEIVER_NOT_EXPORTED_PERMISSION"
31-->[androidx.core:core:1.13.1] AndroidManifest.xml:23:9-81
32        android:protectionLevel="signature" />
32-->[androidx.core:core:1.13.1] AndroidManifest.xml:24:9-44
33
34    <uses-permission android:name="com.taptrack.app.DYNAMIC_RECEIVER_NOT_EXPORTED_PERMISSION" />
34-->[androidx.core:core:1.13.1] AndroidManifest.xml:26:5-97
34-->[androidx.core:core:1.13.1] AndroidManifest.xml:26:22-94
35
36    <supports-screens
36-->[org.osmdroid:osmdroid-android:6.1.18] AndroidManifest.xml:9:5-12:40
37        android:anyDensity="true"
37-->[org.osmdroid:osmdroid-android:6.1.18] AndroidManifest.xml:10:9-34
38        android:largeScreens="true"
38-->[org.osmdroid:osmdroid-android:6.1.18] AndroidManifest.xml:11:9-36
39        android:normalScreens="true" />
39-->[org.osmdroid:osmdroid-android:6.1.18] AndroidManifest.xml:12:9-37
40
41    <uses-feature
41-->[org.osmdroid:osmdroid-android:6.1.18] AndroidManifest.xml:14:5-16:36
42        android:name="android.hardware.location.network"
42-->[org.osmdroid:osmdroid-android:6.1.18] AndroidManifest.xml:15:9-57
43        android:required="false" />
43-->[org.osmdroid:osmdroid-android:6.1.18] AndroidManifest.xml:16:9-33
44    <uses-feature
44-->[org.osmdroid:osmdroid-android:6.1.18] AndroidManifest.xml:20:5-22:36
45        android:name="android.hardware.telephony"
45-->[org.osmdroid:osmdroid-android:6.1.18] AndroidManifest.xml:21:9-50
46        android:required="false" />
46-->[org.osmdroid:osmdroid-android:6.1.18] AndroidManifest.xml:22:9-33
47    <uses-feature
47-->[org.osmdroid:osmdroid-android:6.1.18] AndroidManifest.xml:23:5-25:36
48        android:name="android.hardware.wifi"
48-->[org.osmdroid:osmdroid-android:6.1.18] AndroidManifest.xml:24:9-45
49        android:required="false" />
49-->[org.osmdroid:osmdroid-android:6.1.18] AndroidManifest.xml:25:9-33
50
51    <application
51-->src\main\AndroidManifest.xml:17:5-46:19
52        android:name="com.taptrack.app.TapTrackApplication"
52-->src\main\AndroidManifest.xml:18:9-44
53        android:allowBackup="true"
53-->src\main\AndroidManifest.xml:19:9-35
54        android:appComponentFactory="androidx.core.app.CoreComponentFactory"
54-->[androidx.core:core:1.13.1] AndroidManifest.xml:28:18-86
55        android:debuggable="true"
56        android:extractNativeLibs="false"
57        android:icon="@mipmap/ic_launcher"
57-->src\main\AndroidManifest.xml:20:9-43
58        android:label="@string/app_name"
58-->src\main\AndroidManifest.xml:21:9-41
59        android:roundIcon="@mipmap/ic_launcher_round"
59-->src\main\AndroidManifest.xml:22:9-54
60        android:supportsRtl="true"
60-->src\main\AndroidManifest.xml:23:9-35
61        android:theme="@style/Theme.TapTrack"
61-->src\main\AndroidManifest.xml:24:9-46
62        android:usesCleartextTraffic="true" >
62-->src\main\AndroidManifest.xml:25:9-44
63        <activity
63-->src\main\AndroidManifest.xml:27:9-35:20
64            android:name="com.taptrack.app.MainActivity"
64-->src\main\AndroidManifest.xml:28:13-41
65            android:exported="true"
65-->src\main\AndroidManifest.xml:29:13-36
66            android:windowSoftInputMode="adjustResize" >
66-->src\main\AndroidManifest.xml:30:13-55
67            <intent-filter>
67-->src\main\AndroidManifest.xml:31:13-34:29
68                <action android:name="android.intent.action.MAIN" />
68-->src\main\AndroidManifest.xml:32:17-69
68-->src\main\AndroidManifest.xml:32:25-66
69
70                <category android:name="android.intent.category.LAUNCHER" />
70-->src\main\AndroidManifest.xml:33:17-77
70-->src\main\AndroidManifest.xml:33:27-74
71            </intent-filter>
72        </activity>
73
74        <provider
75            android:name="androidx.core.content.FileProvider"
75-->src\main\AndroidManifest.xml:38:13-62
76            android:authorities="com.taptrack.app.fileprovider"
76-->src\main\AndroidManifest.xml:39:13-64
77            android:exported="false"
77-->src\main\AndroidManifest.xml:40:13-37
78            android:grantUriPermissions="true" >
78-->src\main\AndroidManifest.xml:41:13-47
79            <meta-data
79-->src\main\AndroidManifest.xml:42:13-44:54
80                android:name="android.support.FILE_PROVIDER_PATHS"
80-->src\main\AndroidManifest.xml:43:17-67
81                android:resource="@xml/file_paths" />
81-->src\main\AndroidManifest.xml:44:17-51
82        </provider>
83        <!--
84        Service for holding metadata. Cannot be instantiated.
85        Metadata will be merged from other manifests.
86        -->
87        <service
87-->[androidx.camera:camera-core:1.3.3] AndroidManifest.xml:29:9-33:78
88            android:name="androidx.camera.core.impl.MetadataHolderService"
88-->[androidx.camera:camera-core:1.3.3] AndroidManifest.xml:30:13-75
89            android:enabled="false"
89-->[androidx.camera:camera-core:1.3.3] AndroidManifest.xml:31:13-36
90            android:exported="false" >
90-->[androidx.camera:camera-core:1.3.3] AndroidManifest.xml:32:13-37
91            <meta-data
91-->[androidx.camera:camera-camera2:1.3.3] AndroidManifest.xml:30:13-32:89
92                android:name="androidx.camera.core.impl.MetadataHolderService.DEFAULT_CONFIG_PROVIDER"
92-->[androidx.camera:camera-camera2:1.3.3] AndroidManifest.xml:31:17-103
93                android:value="androidx.camera.camera2.Camera2Config$DefaultProvider" />
93-->[androidx.camera:camera-camera2:1.3.3] AndroidManifest.xml:32:17-86
94        </service>
95
96        <activity
96-->[com.google.android.gms:play-services-base:18.5.0] AndroidManifest.xml:5:9-173
97            android:name="com.google.android.gms.common.api.GoogleApiActivity"
97-->[com.google.android.gms:play-services-base:18.5.0] AndroidManifest.xml:5:19-85
98            android:exported="false"
98-->[com.google.android.gms:play-services-base:18.5.0] AndroidManifest.xml:5:146-170
99            android:theme="@android:style/Theme.Translucent.NoTitleBar" />
99-->[com.google.android.gms:play-services-base:18.5.0] AndroidManifest.xml:5:86-145
100
101        <meta-data
101-->[com.google.android.gms:play-services-basement:18.4.0] AndroidManifest.xml:6:9-122
102            android:name="com.google.android.gms.version"
102-->[com.google.android.gms:play-services-basement:18.4.0] AndroidManifest.xml:6:20-65
103            android:value="@integer/google_play_services_version" />
103-->[com.google.android.gms:play-services-basement:18.4.0] AndroidManifest.xml:6:66-119
104
105        <provider
105-->[androidx.emoji2:emoji2:1.3.0] AndroidManifest.xml:24:9-32:20
106            android:name="androidx.startup.InitializationProvider"
106-->[androidx.emoji2:emoji2:1.3.0] AndroidManifest.xml:25:13-67
107            android:authorities="com.taptrack.app.androidx-startup"
107-->[androidx.emoji2:emoji2:1.3.0] AndroidManifest.xml:26:13-68
108            android:exported="false" >
108-->[androidx.emoji2:emoji2:1.3.0] AndroidManifest.xml:27:13-37
109            <meta-data
109-->[androidx.emoji2:emoji2:1.3.0] AndroidManifest.xml:29:13-31:52
110                android:name="androidx.emoji2.text.EmojiCompatInitializer"
110-->[androidx.emoji2:emoji2:1.3.0] AndroidManifest.xml:30:17-75
111                android:value="androidx.startup" />
111-->[androidx.emoji2:emoji2:1.3.0] AndroidManifest.xml:31:17-49
112            <meta-data
112-->[androidx.lifecycle:lifecycle-process:2.7.0] AndroidManifest.xml:29:13-31:52
113                android:name="androidx.lifecycle.ProcessLifecycleInitializer"
113-->[androidx.lifecycle:lifecycle-process:2.7.0] AndroidManifest.xml:30:17-78
114                android:value="androidx.startup" />
114-->[androidx.lifecycle:lifecycle-process:2.7.0] AndroidManifest.xml:31:17-49
115            <meta-data
115-->[androidx.profileinstaller:profileinstaller:1.3.1] AndroidManifest.xml:29:13-31:52
116                android:name="androidx.profileinstaller.ProfileInstallerInitializer"
116-->[androidx.profileinstaller:profileinstaller:1.3.1] AndroidManifest.xml:30:17-85
117                android:value="androidx.startup" />
117-->[androidx.profileinstaller:profileinstaller:1.3.1] AndroidManifest.xml:31:17-49
118        </provider>
119
120        <activity
120-->[androidx.compose.ui:ui-test-manifest:1.6.7] AndroidManifest.xml:23:9-25:39
121            android:name="androidx.activity.ComponentActivity"
121-->[androidx.compose.ui:ui-test-manifest:1.6.7] AndroidManifest.xml:24:13-63
122            android:exported="true" />
122-->[androidx.compose.ui:ui-test-manifest:1.6.7] AndroidManifest.xml:25:13-36
123        <activity
123-->[androidx.compose.ui:ui-tooling-android:1.6.7] AndroidManifest.xml:23:9-25:39
124            android:name="androidx.compose.ui.tooling.PreviewActivity"
124-->[androidx.compose.ui:ui-tooling-android:1.6.7] AndroidManifest.xml:24:13-71
125            android:exported="true" />
125-->[androidx.compose.ui:ui-tooling-android:1.6.7] AndroidManifest.xml:25:13-36
126
127        <service
127-->[androidx.room:room-runtime:2.6.1] AndroidManifest.xml:24:9-28:63
128            android:name="androidx.room.MultiInstanceInvalidationService"
128-->[androidx.room:room-runtime:2.6.1] AndroidManifest.xml:25:13-74
129            android:directBootAware="true"
129-->[androidx.room:room-runtime:2.6.1] AndroidManifest.xml:26:13-43
130            android:exported="false" />
130-->[androidx.room:room-runtime:2.6.1] AndroidManifest.xml:27:13-37
131
132        <receiver
132-->[androidx.profileinstaller:profileinstaller:1.3.1] AndroidManifest.xml:34:9-52:20
133            android:name="androidx.profileinstaller.ProfileInstallReceiver"
133-->[androidx.profileinstaller:profileinstaller:1.3.1] AndroidManifest.xml:35:13-76
134            android:directBootAware="false"
134-->[androidx.profileinstaller:profileinstaller:1.3.1] AndroidManifest.xml:36:13-44
135            android:enabled="true"
135-->[androidx.profileinstaller:profileinstaller:1.3.1] AndroidManifest.xml:37:13-35
136            android:exported="true"
136-->[androidx.profileinstaller:profileinstaller:1.3.1] AndroidManifest.xml:38:13-36
137            android:permission="android.permission.DUMP" >
137-->[androidx.profileinstaller:profileinstaller:1.3.1] AndroidManifest.xml:39:13-57
138            <intent-filter>
138-->[androidx.profileinstaller:profileinstaller:1.3.1] AndroidManifest.xml:40:13-42:29
139                <action android:name="androidx.profileinstaller.action.INSTALL_PROFILE" />
139-->[androidx.profileinstaller:profileinstaller:1.3.1] AndroidManifest.xml:41:17-91
139-->[androidx.profileinstaller:profileinstaller:1.3.1] AndroidManifest.xml:41:25-88
140            </intent-filter>
141            <intent-filter>
141-->[androidx.profileinstaller:profileinstaller:1.3.1] AndroidManifest.xml:43:13-45:29
142                <action android:name="androidx.profileinstaller.action.SKIP_FILE" />
142-->[androidx.profileinstaller:profileinstaller:1.3.1] AndroidManifest.xml:44:17-85
142-->[androidx.profileinstaller:profileinstaller:1.3.1] AndroidManifest.xml:44:25-82
143            </intent-filter>
144            <intent-filter>
144-->[androidx.profileinstaller:profileinstaller:1.3.1] AndroidManifest.xml:46:13-48:29
145                <action android:name="androidx.profileinstaller.action.SAVE_PROFILE" />
145-->[androidx.profileinstaller:profileinstaller:1.3.1] AndroidManifest.xml:47:17-88
145-->[androidx.profileinstaller:profileinstaller:1.3.1] AndroidManifest.xml:47:25-85
146            </intent-filter>
147            <intent-filter>
147-->[androidx.profileinstaller:profileinstaller:1.3.1] AndroidManifest.xml:49:13-51:29
148                <action android:name="androidx.profileinstaller.action.BENCHMARK_OPERATION" />
148-->[androidx.profileinstaller:profileinstaller:1.3.1] AndroidManifest.xml:50:17-95
148-->[androidx.profileinstaller:profileinstaller:1.3.1] AndroidManifest.xml:50:25-92
149            </intent-filter>
150        </receiver>
151    </application>
152
153</manifest>